<?xml version="1.0" encoding="UTF-8"?>
<!-- Generated by org.testng.reporters.JUnitXMLReporter -->
<testsuite ignored="0" hostname="DESKTOP-V338F0I" failures="2" tests="9" name="Functional Testing" time="41.365" errors="0" timestamp="2021-09-16T23:02:30 IST">
  <testcase classname="com.qa.testscripts.TC_Newtours_001" name="validateTitle" time="0.021"/>
  <testcase classname="com.qa.testscripts.TC_Newtours_001" name="validateTitle" time="0.014"/>
  <testcase classname="com.qa.testscripts.TC_Newtours_001" name="isTitleInUpperCase" time="0.012">
    <failure type="java.lang.AssertionError" message="Title is not in upper case expected [WELCOME: MERCURY TOURS] but found [Welcome: Mercury Tours]">
      <![CDATA[java.lang.AssertionError: Title is not in upper case expected [WELCOME: MERCURY TOURS] but found [Welcome: Mercury Tours]
at com.qa.testscripts.TC_Newtours_001.isTitleInUpperCase(TC_Newtours_001.java:27)
at java.base/java.util.ArrayList.forEach(ArrayList.java:1511)
... Removed 32 stack frames]]>
    </failure>
  </testcase> <!-- isTitleInUpperCase -->
  <testcase classname="com.qa.testscripts.TC_Newtours_001" name="UPTextbox" time="0.309"/>
  <testcase classname="com.qa.testscripts.TC_Newtours_001" name="isSigninBtnEnabled" time="0.034"/>
  <testcase classname="com.qa.testscripts.TC_Newtours_001" name="login" time="1.647"/>
  <testcase classname="com.qa.testscripts.TC_Newtours_001" name="flight" time="0.973">
    <failure type="java.lang.AssertionError" message="expected [Book a flight] but found [Find a Flight: Mercury Tours:]">
      <![CDATA[java.lang.AssertionError: expected [Book a flight] but found [Find a Flight: Mercury Tours:]
at com.qa.testscripts.TC_Newtours_001.flight(TC_Newtours_001.java:62)
at java.base/java.util.ArrayList.forEach(ArrayList.java:1511)
... Removed 33 stack frames]]>
    </failure>
  </testcase> <!-- flight -->
  <testcase classname="com.qa.testscripts.TC_Newtours_001" name="isRoundTripSelected" time="0.068"/>
  <testcase classname="com.qa.testscripts.TC_Newtours_001" name="fillAllDetails" time="25.247"/>
</testsuite> <!-- Functional Testing -->
