<?xml version="1.0" encoding="UTF-8"?>
<!-- Generated by org.testng.reporters.JUnitXMLReporter -->
<testsuite ignored="0" hostname="DESKTOP-V338F0I" failures="2" tests="9" name="Functional Testing" time="80.572" errors="0" timestamp="2021-09-24T15:19:01 IST">
  <testcase classname="com.qa.testscripts.TC_Newtours_001" name="validateTitle" time="0.019"/>
  <testcase classname="com.qa.testscripts.TC_Newtours_001" name="validateTitle" time="0.098"/>
  <testcase classname="com.qa.testscripts.TC_Newtours_001" name="isTitleInUpperCase" time="0.023">
    <failure type="java.lang.AssertionError" message="Title is not in upper case expected [WELCOME: MERCURY TOURS] but found [Welcome: Mercury Tours]">
      <![CDATA[java.lang.AssertionError: Title is not in upper case expected [WELCOME: MERCURY TOURS] but found [Welcome: Mercury Tours]
at com.qa.testscripts.TC_Newtours_001.isTitleInUpperCase(TC_Newtours_001.java:27)
at java.base/java.util.ArrayList.forEach(ArrayList.java:1511)
... Removed 35 stack frames]]>
    </failure>
  </testcase> <!-- isTitleInUpperCase -->
  <testcase classname="com.qa.testscripts.TC_Newtours_001" name="UPTextbox" time="0.351"/>
  <testcase classname="com.qa.testscripts.TC_Newtours_001" name="isSigninBtnEnabled" time="0.208"/>
  <testcase classname="com.qa.testscripts.TC_Newtours_001" name="login" time="4.036"/>
  <testcase classname="com.qa.testscripts.TC_Newtours_001" name="flight" time="1.412">
    <failure type="java.lang.AssertionError" message="expected [Book a flight] but found [Find a Flight: Mercury Tours:]">
      <![CDATA[java.lang.AssertionError: expected [Book a flight] but found [Find a Flight: Mercury Tours:]
at com.qa.testscripts.TC_Newtours_001.flight(TC_Newtours_001.java:62)
at java.base/java.util.ArrayList.forEach(ArrayList.java:1511)
... Removed 36 stack frames]]>
    </failure>
  </testcase> <!-- flight -->
  <testcase classname="com.qa.testscripts.TC_Newtours_001" name="isRoundTripSelected" time="2.953"/>
  <testcase classname="com.qa.testscripts.TC_Newtours_001" name="fillAllDetails" time="29.079"/>
</testsuite> <!-- Functional Testing -->
