<?xml version="1.0" encoding="UTF-8"?>
<testng-results ignored="0" total="9" passed="7" failed="2" skipped="0">
  <reporter-output>
    <line>
      <![CDATA[actual title is Welcome: Mercury Tours]]>
    </line>
    <line>
      <![CDATA[expected title is Welcome: Mercury Tours]]>
    </line>
    <line>
      <![CDATA[actual title is Welcome: Mercury Tours]]>
    </line>
    <line>
      <![CDATA[expected title is Welcome: Mercury Tours]]>
    </line>
  </reporter-output>
  <suite started-at="2021-09-16T23:01:48 IST" name="Test Automation of Newtours" finished-at="2021-09-16T23:02:30 IST" duration-ms="41365">
    <groups>
    </groups>
    <test started-at="2021-09-16T23:01:48 IST" name="Functional Testing" finished-at="2021-09-16T23:02:30 IST" duration-ms="41365">
      <class name="com.qa.testscripts.TC_Newtours_001">
        <test-method is-config="true" signature="setUp(java.lang.String,java.lang.String)[pri:0, instance:com.qa.testscripts.TC_Newtours_001@3c73951]" started-at="2021-09-16T23:01:48 IST" name="setUp" finished-at="2021-09-16T23:01:59 IST" duration-ms="10712" status="PASS">
          <params>
            <param index="0">
              <value>
                <![CDATA[chrome]]>
              </value>
            </param>
            <param index="1">
              <value>
                <![CDATA[http://demo.guru99.com/test/newtours/]]>
              </value>
            </param>
          </params>
          <reporter-output>
          </reporter-output>
        </test-method> <!-- setUp -->
        <test-method signature="validateTitle()[pri:0, instance:com.qa.testscripts.TC_Newtours_001@3c73951]" started-at="2021-09-16T23:01:59 IST" name="validateTitle" finished-at="2021-09-16T23:01:59 IST" duration-ms="21" status="PASS">
          <reporter-output>
            <line>
              <![CDATA[actual title is Welcome: Mercury Tours]]>
            </line>
            <line>
              <![CDATA[expected title is Welcome: Mercury Tours]]>
            </line>
          </reporter-output>
        </test-method> <!-- validateTitle -->
        <test-method signature="validateTitle()[pri:0, instance:com.qa.testscripts.TC_Newtours_001@3c73951]" started-at="2021-09-16T23:01:59 IST" name="validateTitle" finished-at="2021-09-16T23:01:59 IST" duration-ms="14" status="PASS">
          <reporter-output>
            <line>
              <![CDATA[actual title is Welcome: Mercury Tours]]>
            </line>
            <line>
              <![CDATA[expected title is Welcome: Mercury Tours]]>
            </line>
          </reporter-output>
        </test-method> <!-- validateTitle -->
        <test-method signature="isTitleInUpperCase()[pri:1, instance:com.qa.testscripts.TC_Newtours_001@3c73951]" started-at="2021-09-16T23:01:59 IST" name="isTitleInUpperCase" finished-at="2021-09-16T23:01:59 IST" duration-ms="12" status="FAIL">
          <exception class="java.lang.AssertionError">
            <message>
              <![CDATA[Title is not in upper case expected [WELCOME: MERCURY TOURS] but found [Welcome: Mercury Tours]]]>
            </message>
            <full-stacktrace>
              <![CDATA[java.lang.AssertionError: Title is not in upper case expected [WELCOME: MERCURY TOURS] but found [Welcome: Mercury Tours]
at org.testng.Assert.fail(Assert.java:99)
at org.testng.Assert.failNotEquals(Assert.java:1037)
at org.testng.Assert.assertEqualsImpl(Assert.java:140)
at org.testng.Assert.assertEquals(Assert.java:122)
at org.testng.Assert.assertEquals(Assert.java:629)
at com.qa.testscripts.TC_Newtours_001.isTitleInUpperCase(TC_Newtours_001.java:27)
at java.base/jdk.internal.reflect.NativeMethodAccessorImpl.invoke0(Native Method)
at java.base/jdk.internal.reflect.NativeMethodAccessorImpl.invoke(NativeMethodAccessorImpl.java:64)
at java.base/jdk.internal.reflect.DelegatingMethodAccessorImpl.invoke(DelegatingMethodAccessorImpl.java:43)
at java.base/java.lang.reflect.Method.invoke(Method.java:564)
at org.testng.internal.MethodInvocationHelper.invokeMethod(MethodInvocationHelper.java:133)
at org.testng.internal.TestInvoker.invokeMethod(TestInvoker.java:598)
at org.testng.internal.TestInvoker.invokeTestMethod(TestInvoker.java:173)
at org.testng.internal.MethodRunner.runInSequence(MethodRunner.java:46)
at org.testng.internal.TestInvoker$MethodInvocationAgent.invoke(TestInvoker.java:824)
at org.testng.internal.TestInvoker.invokeTestMethods(TestInvoker.java:146)
at org.testng.internal.TestMethodWorker.invokeTestMethods(TestMethodWorker.java:146)
at org.testng.internal.TestMethodWorker.run(TestMethodWorker.java:128)
at java.base/java.util.ArrayList.forEach(ArrayList.java:1511)
at org.testng.TestRunner.privateRun(TestRunner.java:794)
at org.testng.TestRunner.run(TestRunner.java:596)
at org.testng.SuiteRunner.runTest(SuiteRunner.java:377)
at org.testng.SuiteRunner.runSequentially(SuiteRunner.java:371)
at org.testng.SuiteRunner.privateRun(SuiteRunner.java:332)
at org.testng.SuiteRunner.run(SuiteRunner.java:276)
at org.testng.SuiteRunnerWorker.runSuite(SuiteRunnerWorker.java:53)
at org.testng.SuiteRunnerWorker.run(SuiteRunnerWorker.java:96)
at org.testng.TestNG.runSuitesSequentially(TestNG.java:1212)
at org.testng.TestNG.runSuitesLocally(TestNG.java:1134)
at org.testng.TestNG.runSuites(TestNG.java:1063)
at org.testng.TestNG.run(TestNG.java:1031)
at org.testng.remote.AbstractRemoteTestNG.run(AbstractRemoteTestNG.java:115)
at org.testng.remote.RemoteTestNG.initAndRun(RemoteTestNG.java:251)
at org.testng.remote.RemoteTestNG.main(RemoteTestNG.java:77)
]]>
            </full-stacktrace>
          </exception> <!-- java.lang.AssertionError -->
          <reporter-output>
          </reporter-output>
        </test-method> <!-- isTitleInUpperCase -->
        <test-method signature="UPTextbox()[pri:3, instance:com.qa.testscripts.TC_Newtours_001@3c73951]" started-at="2021-09-16T23:01:59 IST" name="UPTextbox" finished-at="2021-09-16T23:01:59 IST" duration-ms="309" status="PASS">
          <reporter-output>
          </reporter-output>
        </test-method> <!-- UPTextbox -->
        <test-method signature="isSigninBtnEnabled()[pri:4, instance:com.qa.testscripts.TC_Newtours_001@3c73951]" started-at="2021-09-16T23:01:59 IST" name="isSigninBtnEnabled" finished-at="2021-09-16T23:01:59 IST" duration-ms="34" status="PASS">
          <reporter-output>
          </reporter-output>
        </test-method> <!-- isSigninBtnEnabled -->
        <test-method signature="login()[pri:4, instance:com.qa.testscripts.TC_Newtours_001@3c73951]" started-at="2021-09-16T23:01:59 IST" name="login" finished-at="2021-09-16T23:02:01 IST" duration-ms="1647" status="PASS">
          <reporter-output>
          </reporter-output>
        </test-method> <!-- login -->
        <test-method signature="flight()[pri:5, instance:com.qa.testscripts.TC_Newtours_001@3c73951]" started-at="2021-09-16T23:02:01 IST" name="flight" finished-at="2021-09-16T23:02:02 IST" duration-ms="973" status="FAIL">
          <exception class="java.lang.AssertionError">
            <message>
              <![CDATA[expected [Book a flight] but found [Find a Flight: Mercury Tours:]]]>
            </message>
            <full-stacktrace>
              <![CDATA[java.lang.AssertionError: expected [Book a flight] but found [Find a Flight: Mercury Tours:]
at org.testng.Assert.fail(Assert.java:99)
at org.testng.Assert.failNotEquals(Assert.java:1037)
at org.testng.Assert.assertEqualsImpl(Assert.java:140)
at org.testng.Assert.assertEquals(Assert.java:122)
at org.testng.Assert.assertEquals(Assert.java:629)
at org.testng.Assert.assertEquals(Assert.java:639)
at com.qa.testscripts.TC_Newtours_001.flight(TC_Newtours_001.java:62)
at java.base/jdk.internal.reflect.NativeMethodAccessorImpl.invoke0(Native Method)
at java.base/jdk.internal.reflect.NativeMethodAccessorImpl.invoke(NativeMethodAccessorImpl.java:64)
at java.base/jdk.internal.reflect.DelegatingMethodAccessorImpl.invoke(DelegatingMethodAccessorImpl.java:43)
at java.base/java.lang.reflect.Method.invoke(Method.java:564)
at org.testng.internal.MethodInvocationHelper.invokeMethod(MethodInvocationHelper.java:133)
at org.testng.internal.TestInvoker.invokeMethod(TestInvoker.java:598)
at org.testng.internal.TestInvoker.invokeTestMethod(TestInvoker.java:173)
at org.testng.internal.MethodRunner.runInSequence(MethodRunner.java:46)
at org.testng.internal.TestInvoker$MethodInvocationAgent.invoke(TestInvoker.java:824)
at org.testng.internal.TestInvoker.invokeTestMethods(TestInvoker.java:146)
at org.testng.internal.TestMethodWorker.invokeTestMethods(TestMethodWorker.java:146)
at org.testng.internal.TestMethodWorker.run(TestMethodWorker.java:128)
at java.base/java.util.ArrayList.forEach(ArrayList.java:1511)
at org.testng.TestRunner.privateRun(TestRunner.java:794)
at org.testng.TestRunner.run(TestRunner.java:596)
at org.testng.SuiteRunner.runTest(SuiteRunner.java:377)
at org.testng.SuiteRunner.runSequentially(SuiteRunner.java:371)
at org.testng.SuiteRunner.privateRun(SuiteRunner.java:332)
at org.testng.SuiteRunner.run(SuiteRunner.java:276)
at org.testng.SuiteRunnerWorker.runSuite(SuiteRunnerWorker.java:53)
at org.testng.SuiteRunnerWorker.run(SuiteRunnerWorker.java:96)
at org.testng.TestNG.runSuitesSequentially(TestNG.java:1212)
at org.testng.TestNG.runSuitesLocally(TestNG.java:1134)
at org.testng.TestNG.runSuites(TestNG.java:1063)
at org.testng.TestNG.run(TestNG.java:1031)
at org.testng.remote.AbstractRemoteTestNG.run(AbstractRemoteTestNG.java:115)
at org.testng.remote.RemoteTestNG.initAndRun(RemoteTestNG.java:251)
at org.testng.remote.RemoteTestNG.main(RemoteTestNG.java:77)
]]>
            </full-stacktrace>
          </exception> <!-- java.lang.AssertionError -->
          <reporter-output>
          </reporter-output>
        </test-method> <!-- flight -->
        <test-method signature="isRoundTripSelected()[pri:6, instance:com.qa.testscripts.TC_Newtours_001@3c73951]" started-at="2021-09-16T23:02:02 IST" name="isRoundTripSelected" finished-at="2021-09-16T23:02:02 IST" duration-ms="68" status="PASS">
          <reporter-output>
          </reporter-output>
        </test-method> <!-- isRoundTripSelected -->
        <test-method signature="fillAllDetails()[pri:7, instance:com.qa.testscripts.TC_Newtours_001@3c73951]" started-at="2021-09-16T23:02:02 IST" name="fillAllDetails" finished-at="2021-09-16T23:02:27 IST" duration-ms="25247" status="PASS">
          <reporter-output>
          </reporter-output>
        </test-method> <!-- fillAllDetails -->
        <test-method is-config="true" signature="tearDown()[pri:0, instance:com.qa.testscripts.TC_Newtours_001@3c73951]" started-at="2021-09-16T23:02:27 IST" name="tearDown" finished-at="2021-09-16T23:02:30 IST" duration-ms="2237" status="PASS">
          <reporter-output>
          </reporter-output>
        </test-method> <!-- tearDown -->
      </class> <!-- com.qa.testscripts.TC_Newtours_001 -->
    </test> <!-- Functional Testing -->
  </suite> <!-- Test Automation of Newtours -->
</testng-results>
